<?xml version="1.0" encoding="UTF-8"?>
<coverage generated="1703859944438" clover="3.2.0">
  <project timestamp="1703859944438" name="All files">
    <metrics statements="16" coveredstatements="16" conditionals="9" coveredconditionals="9" methods="7" coveredmethods="6" elements="32" coveredelements="31" complexity="0" loc="16" ncloc="16" packages="1" files="2" classes="2"/>
    <file name="errors.ts" path="C:\Users\artus\projects\firebase-error-mapper\src\errors.ts">
      <metrics statements="1" coveredstatements="1" conditionals="0" coveredconditionals="0" methods="0" coveredmethods="0"/>
      <line num="6" count="1" type="stmt"/>
    </file>
    <file name="index.ts" path="C:\Users\artus\projects\firebase-error-mapper\src\index.ts">
      <metrics statements="15" coveredstatements="15" conditionals="9" coveredconditionals="9" methods="7" coveredmethods="6"/>
      <line num="1" count="1" type="stmt"/>
      <line num="3" count="1" type="stmt"/>
      <line num="8" count="1" type="stmt"/>
      <line num="15" count="18" type="cond" truecount="1" falsecount="0"/>
      <line num="25" count="1" type="stmt"/>
      <line num="26" count="229" type="cond" truecount="1" falsecount="0"/>
      <line num="28" count="226" type="cond" truecount="6" falsecount="0"/>
      <line num="30" count="6536" type="stmt"/>
      <line num="31" count="6536" type="cond" truecount="1" falsecount="0"/>
      <line num="34" count="1" type="stmt"/>
      <line num="43" count="1" type="stmt"/>
      <line num="44" count="2" type="stmt"/>
      <line num="52" count="1" type="stmt"/>
      <line num="53" count="2" type="stmt"/>
      <line num="55" count="1" type="stmt"/>
    </file>
  </project>
</coverage>
