{"C:\\Users\\artus\\projects\\firebase-error-mapper\\src\\errors.ts": {"path":"C:\\Users\\artus\\projects\\firebase-error-mapper\\src\\errors.ts","statementMap":{"0":{"start":{"line":6,"column":13},"end":{"line":63,"column":null}}},"fnMap":{},"branchMap":{},"s":{"0":1},"f":{},"b":{}}
,"C:\\Users\\artus\\projects\\firebase-error-mapper\\src\\index.ts": {"path":"C:\\Users\\artus\\projects\\firebase-error-mapper\\src\\index.ts","statementMap":{"0":{"start":{"line":1,"column":0},"end":{"line":1,"column":35}},"1":{"start":{"line":3,"column":35},"end":{"line":1,"column":63}},"2":{"start":{"line":8,"column":0},"end":{"line":8,"column":13}},"3":{"start":{"line":15,"column":21},"end":{"line":15,"column":null}},"4":{"start":{"line":15,"column":21},"end":{"line":15,"column":68}},"5":{"start":{"line":25,"column":2},"end":{"line":35,"column":null}},"6":{"start":{"line":26,"column":4},"end":{"line":26,"column":33}},"7":{"start":{"line":26,"column":18},"end":{"line":26,"column":33}},"8":{"start":{"line":28,"column":29},"end":{"line":28,"column":73}},"9":{"start":{"line":30,"column":4},"end":{"line":32,"column":null}},"10":{"start":{"line":30,"column":33},"end":{"line":30,"column":37}},"11":{"start":{"line":30,"column":33},"end":{"line":30,"column":72}},"12":{"start":{"line":30,"column":15},"end":{"line":30,"column":17}},"13":{"start":{"line":30,"column":20},"end":{"line":30,"column":22}},"14":{"start":{"line":30,"column":27},"end":{"line":30,"column":29}},"15":{"start":{"line":31,"column":6},"end":{"line":31,"column":null}},"16":{"start":{"line":31,"column":36},"end":{"line":31,"column":null}},"17":{"start":{"line":34,"column":4},"end":{"line":34,"column":19}},"18":{"start":{"line":43,"column":2},"end":{"line":45,"column":null}},"19":{"start":{"line":44,"column":4},"end":{"line":44,"column":null}},"20":{"start":{"line":52,"column":2},"end":{"line":54,"column":null}},"21":{"start":{"line":53,"column":4},"end":{"line":53,"column":null}},"22":{"start":{"line":53,"column":64},"end":{"line":53,"column":84}},"23":{"start":{"line":55,"column":0},"end":{"line":55,"column":null}},"24":{"start":{"line":8,"column":13},"end":{"line":8,"column":39}}},"fnMap":{"0":{"name":"(anonymous_0)","decl":{"start":{"line":3,"column":35},"end":{"line":3,"column":45}},"loc":{"start":{"line":3,"column":35},"end":{"line":1,"column":63}}},"1":{"name":"(anonymous_1)","decl":{"start":{"line":8,"column":0},"end":{"line":8,"column":13}},"loc":{"start":{"line":8,"column":0},"end":{"line":55,"column":null}}},"2":{"name":"FirebaseErrorMessageMapper","decl":{"start":{"line":15,"column":2},"end":{"line":15,"column":21}},"loc":{"start":{"line":15,"column":68},"end":{"line":16,"column":3}}},"3":{"name":"(anonymous_3)","decl":{"start":{"line":25,"column":2},"end":{"line":25,"column":5}},"loc":{"start":{"line":25,"column":21},"end":{"line":35,"column":3}}},"4":{"name":"(anonymous_4)","decl":{"start":{"line":43,"column":2},"end":{"line":43,"column":12}},"loc":{"start":{"line":43,"column":39},"end":{"line":45,"column":3}}},"5":{"name":"(anonymous_5)","decl":{"start":{"line":52,"column":2},"end":{"line":52,"column":15}},"loc":{"start":{"line":52,"column":27},"end":{"line":54,"column":3}}},"6":{"name":"(anonymous_6)","decl":{"start":{"line":53,"column":53},"end":{"line":53,"column":60}},"loc":{"start":{"line":53,"column":60},"end":{"line":53,"column":71}}}},"branchMap":{"0":{"loc":{"start":{"line":15,"column":21},"end":{"line":15,"column":null}},"type":"if","locations":[{"start":{"line":15,"column":21},"end":{"line":15,"column":null}}]},"1":{"loc":{"start":{"line":26,"column":4},"end":{"line":26,"column":33}},"type":"if","locations":[{"start":{"line":26,"column":4},"end":{"line":26,"column":33}}]},"2":{"loc":{"start":{"line":28,"column":29},"end":{"line":28,"column":73}},"type":"binary-expr","locations":[{"start":{"line":28,"column":29},"end":{"line":28,"column":66}},{"start":{"line":28,"column":66},"end":{"line":28,"column":73}}]},"3":{"loc":{"start":{"line":28,"column":29},"end":{"line":28,"column":66}},"type":"cond-expr","locations":[{"start":{"line":28,"column":57},"end":{"line":28,"column":60}},{"start":{"line":28,"column":57},"end":{"line":28,"column":66}}]},"4":{"loc":{"start":{"line":28,"column":29},"end":{"line":28,"column":60}},"type":"binary-expr","locations":[{"start":{"line":28,"column":29},"end":{"line":28,"column":60}},{"start":{"line":28,"column":57},"end":{"line":28,"column":60}}]},"5":{"loc":{"start":{"line":31,"column":6},"end":{"line":31,"column":null}},"type":"if","locations":[{"start":{"line":31,"column":6},"end":{"line":31,"column":null}}]}},"s":{"0":1,"1":1,"2":1,"3":18,"4":9,"5":1,"6":229,"7":3,"8":226,"9":226,"10":226,"11":226,"12":6536,"13":6536,"14":6536,"15":6536,"16":225,"17":1,"18":1,"19":2,"20":1,"21":2,"22":1,"23":1,"24":1},"f":{"0":0,"1":1,"2":9,"3":229,"4":2,"5":2,"6":1},"b":{"0":[9],"1":[3],"2":[226,225],"3":[225,1],"4":[226,1],"5":[225]}}
}
