TN:
SF:src\errors.ts
FNF:0
FNH:0
DA:6,1
LF:1
LH:1
BRF:0
BRH:0
end_of_record
TN:
SF:src\index.ts
FN:3,(anonymous_0)
FN:8,(anonymous_1)
FN:15,FirebaseErrorMessageMapper
FN:25,(anonymous_3)
FN:43,(anonymous_4)
FN:52,(anonymous_5)
FN:53,(anonymous_6)
FNF:7
FNH:6
FNDA:0,(anonymous_0)
FNDA:1,(anonymous_1)
FNDA:9,FirebaseErrorMessageMapper
FNDA:229,(anonymous_3)
FNDA:2,(anonymous_4)
FNDA:2,(anonymous_5)
FNDA:1,(anonymous_6)
DA:1,1
DA:3,1
DA:8,1
DA:15,18
DA:25,1
DA:26,229
DA:28,226
DA:30,6536
DA:31,6536
DA:34,1
DA:43,1
DA:44,2
DA:52,1
DA:53,2
DA:55,1
LF:15
LH:15
BRDA:15,0,0,9
BRDA:26,1,0,3
BRDA:28,2,0,226
BRDA:28,2,1,225
BRDA:28,3,0,225
BRDA:28,3,1,1
BRDA:28,4,0,226
BRDA:28,4,1,1
BRDA:31,5,0,225
BRF:9
BRH:9
end_of_record
